[2014-09-24 17:29:47.959] [INFO] dateFileLog - Create log file...
[2014-09-24 17:29:47.985] [INFO] console - Express server listening on http://localhost:3000
[2014-09-24 17:30:12.270] [INFO] dateFileLog - Create log file...
[2014-09-24 17:30:12.297] [INFO] console - Express server listening on http://localhost:3000
[2014-09-24 17:30:34.619] [INFO] dateFileLog - Create log file...
[2014-09-24 17:30:34.650] [INFO] console - Express server listening on http://localhost:3000
[2014-09-24 17:30:48.787] [INFO] dateFileLog - Create log file...
[2014-09-24 17:30:48.813] [INFO] console - Express server listening on http://localhost:3000
[2014-09-24 17:30:59.605] [INFO] console - db.connect ok...
[2014-09-24 17:30:59.863] [INFO] console - db.connect ok...
[2014-09-24 17:30:59.864] [INFO] console - --------------------------------
[2014-09-24 17:30:59.864] [INFO] console - GET /api/path/folder/
[2014-09-24 17:30:59.865] [INFO] console - url = /
[2014-09-24 17:30:59.880] [INFO] console - res.send: [{"_id":"54212b7060a2966205eee44c","url":"/2323","type":"folder","image":0,"policy":null},{"_id":"54222cee3773aa181ee6d3e1","url":"/产品详情","type":"folder","image":0,"policy":null},{"_id":"54225eea94b122d01fbda840","url":"/宝贝图片","type":"folder","image":0,"policy":null},{"_id":"5420e1ec534133bc630dc4d2","url":"/羊毛衫","type":"folder","image":0,"policy":null}]
[2014-09-24 17:30:59.885] [INFO] console - db.close!
[2014-09-24 17:31:01.198] [INFO] console - db.connect ok...
[2014-09-24 17:31:01.201] [INFO] console - --------------------------------
[2014-09-24 17:31:01.203] [INFO] console - GET /api/path/folder/
[2014-09-24 17:31:01.204] [INFO] console - url = /2323
[2014-09-24 17:31:01.218] [INFO] console - res.send: [{"_id":"54212b7060a2966205eee44d","url":"/2323/2342342","type":"folder","image":0,"policy":null}]
[2014-09-24 17:31:01.224] [INFO] console - db.close!
[2014-09-24 17:31:03.169] [INFO] console - db.connect ok...
[2014-09-24 17:31:03.170] [INFO] console - --------------------------------
[2014-09-24 17:31:03.172] [INFO] console - GET /api/path/folder/
[2014-09-24 17:31:03.173] [INFO] console - url = /
[2014-09-24 17:31:03.192] [INFO] console - res.send: [{"_id":"54212b7060a2966205eee44c","url":"/2323","type":"folder","image":0,"policy":null},{"_id":"54222cee3773aa181ee6d3e1","url":"/产品详情","type":"folder","image":0,"policy":null},{"_id":"54225eea94b122d01fbda840","url":"/宝贝图片","type":"folder","image":0,"policy":null},{"_id":"5420e1ec534133bc630dc4d2","url":"/羊毛衫","type":"folder","image":0,"policy":null}]
[2014-09-24 17:31:03.198] [INFO] console - db.close!
[2014-09-24 17:31:03.728] [INFO] console - db.connect ok...
[2014-09-24 17:31:03.729] [INFO] console - --------------------------------
[2014-09-24 17:31:03.730] [INFO] console - GET /api/path/folder/
[2014-09-24 17:31:03.731] [INFO] console - url = /产品详情
[2014-09-24 17:31:03.752] [INFO] console - res.send: [{"_id":"54222cee3773aa181ee6d3e2","url":"/产品详情/1","type":"folder","image":0,"policy":null}]
[2014-09-24 17:31:03.757] [INFO] console - db.close!
[2014-09-24 17:31:04.989] [INFO] console - db.connect ok...
[2014-09-24 17:31:04.990] [INFO] console - --------------------------------
[2014-09-24 17:31:04.991] [INFO] console - GET /api/path/folder/
[2014-09-24 17:31:04.992] [INFO] console - url = /产品详情/1
[2014-09-24 17:31:05.003] [INFO] console - res.send: [{"_id":"542233c594b122d01fbda839","url":"/产品详情/1/bgfdbg","type":"folder","image":0,"policy":null},{"_id":"542233d194b122d01fbda83a","url":"/产品详情/1/bgfdbgfbd","type":"folder","image":0,"policy":null},{"_id":"54222cee3773aa181ee6d3e3","url":"/产品详情/1/cdsac","type":"folder","image":0,"policy":null},{"_id":"5422327494b122d01fbda836","url":"/产品详情/1/cdsac ","type":"folder","image":0,"policy":null},{"_id":"542233a094b122d01fbda838","url":"/产品详情/1/cdsacdsa","type":"folder","image":0,"policy":null},{"_id":"54222d673773aa181ee6d3e4","url":"/产品详情/1/cdsacdsac","type":"folder","image":0,"policy":null},{"_id":"54222fdb3773aa181ee6d3e6","url":"/产品详情/1/cdsacdsacdsa","type":"folder","image":0,"policy":null},{"_id":"5422591e94b122d01fbda83f","url":"/产品详情/1/sdfaf","type":"folder","image":0,"policy":null},{"_id":"542233e394b122d01fbda83b","url":"/产品详情/1/vfdsv","type":"folder","image":0,"policy":null},{"_id":"5422337d94b122d01fbda837","url":"/产品详情/1/vfdsvfds","type":"folder","image":0,"policy":null},{"_id":"54226da994b122d01fbda848","url":"/产品详情/1/倒萨","type":"folder","image":0,"policy":null},{"_id":"54226c8994b122d01fbda847","url":"/产品详情/1/吃的撒","type":"folder","image":0,"policy":null},{"_id":"54226b7394b122d01fbda846","url":"/产品详情/1/大尺度撒从","type":"folder","image":0,"policy":null},{"_id":"542270e294b122d01fbda849","url":"/产品详情/1/成都市V刹","type":"folder","image":0,"policy":null},{"_id":"5422350f94b122d01fbda83c","url":"/产品详情/1/羊毛衫特卖","type":"folder","image":0,"policy":null}]
[2014-09-24 17:31:05.016] [INFO] console - db.close!
[2014-09-24 17:31:05.914] [INFO] console - db.connect ok...
[2014-09-24 17:31:05.916] [INFO] console - --------------------------------
[2014-09-24 17:31:05.917] [INFO] console - GET /api/path/folder/
[2014-09-24 17:31:05.918] [INFO] console - url = /产品详情/1/bgfdbg
[2014-09-24 17:31:05.928] [INFO] console - res.send: []
[2014-09-24 17:31:05.931] [INFO] console - db.close!
[2014-09-24 17:31:06.983] [INFO] console - db.connect ok...
[2014-09-24 17:31:06.984] [INFO] console - --------------------------------
[2014-09-24 17:31:06.986] [INFO] console - GET /api/path/folder/
[2014-09-24 17:31:06.988] [INFO] console - url = /产品详情/1
[2014-09-24 17:31:07.004] [INFO] console - res.send: [{"_id":"542233c594b122d01fbda839","url":"/产品详情/1/bgfdbg","type":"folder","image":0,"policy":null},{"_id":"542233d194b122d01fbda83a","url":"/产品详情/1/bgfdbgfbd","type":"folder","image":0,"policy":null},{"_id":"54222cee3773aa181ee6d3e3","url":"/产品详情/1/cdsac","type":"folder","image":0,"policy":null},{"_id":"5422327494b122d01fbda836","url":"/产品详情/1/cdsac ","type":"folder","image":0,"policy":null},{"_id":"542233a094b122d01fbda838","url":"/产品详情/1/cdsacdsa","type":"folder","image":0,"policy":null},{"_id":"54222d673773aa181ee6d3e4","url":"/产品详情/1/cdsacdsac","type":"folder","image":0,"policy":null},{"_id":"54222fdb3773aa181ee6d3e6","url":"/产品详情/1/cdsacdsacdsa","type":"folder","image":0,"policy":null},{"_id":"5422591e94b122d01fbda83f","url":"/产品详情/1/sdfaf","type":"folder","image":0,"policy":null},{"_id":"542233e394b122d01fbda83b","url":"/产品详情/1/vfdsv","type":"folder","image":0,"policy":null},{"_id":"5422337d94b122d01fbda837","url":"/产品详情/1/vfdsvfds","type":"folder","image":0,"policy":null},{"_id":"54226da994b122d01fbda848","url":"/产品详情/1/倒萨","type":"folder","image":0,"policy":null},{"_id":"54226c8994b122d01fbda847","url":"/产品详情/1/吃的撒","type":"folder","image":0,"policy":null},{"_id":"54226b7394b122d01fbda846","url":"/产品详情/1/大尺度撒从","type":"folder","image":0,"policy":null},{"_id":"542270e294b122d01fbda849","url":"/产品详情/1/成都市V刹","type":"folder","image":0,"policy":null},{"_id":"5422350f94b122d01fbda83c","url":"/产品详情/1/羊毛衫特卖","type":"folder","image":0,"policy":null}]
[2014-09-24 17:31:07.019] [INFO] console - db.close!
[2014-09-24 17:31:07.844] [INFO] console - db.connect ok...
[2014-09-24 17:31:07.845] [INFO] console - --------------------------------
[2014-09-24 17:31:07.846] [INFO] console - GET /api/path/folder/
[2014-09-24 17:31:07.847] [INFO] console - url = /产品详情
[2014-09-24 17:31:07.860] [INFO] console - res.send: [{"_id":"54222cee3773aa181ee6d3e2","url":"/产品详情/1","type":"folder","image":0,"policy":null}]
[2014-09-24 17:31:07.862] [INFO] console - db.close!
[2014-09-24 17:31:09.300] [INFO] console - db.connect ok...
[2014-09-24 17:31:09.302] [INFO] console - --------------------------------
[2014-09-24 17:31:09.304] [INFO] console - GET /api/path/folder/
[2014-09-24 17:31:09.306] [INFO] console - url = /
[2014-09-24 17:31:09.336] [INFO] console - res.send: [{"_id":"54212b7060a2966205eee44c","url":"/2323","type":"folder","image":0,"policy":null},{"_id":"54222cee3773aa181ee6d3e1","url":"/产品详情","type":"folder","image":0,"policy":null},{"_id":"54225eea94b122d01fbda840","url":"/宝贝图片","type":"folder","image":0,"policy":null},{"_id":"5420e1ec534133bc630dc4d2","url":"/羊毛衫","type":"folder","image":0,"policy":null}]
[2014-09-24 17:31:09.348] [INFO] console - db.close!
[2014-09-24 17:31:10.077] [INFO] console - db.connect ok...
[2014-09-24 17:31:10.081] [INFO] console - --------------------------------
[2014-09-24 17:31:10.082] [INFO] console - GET /api/path/folder/
[2014-09-24 17:31:10.083] [INFO] console - url = /宝贝图片
[2014-09-24 17:31:10.112] [INFO] console - res.send: [{"_id":"54225eea94b122d01fbda841","url":"/宝贝图片/宝贝标题","type":"folder","image":0,"policy":null},{"_id":"54228e9a94b122d01fbda86b","url":"/宝贝图片/马克华菲宝贝1","type":"folder","image":0,"policy":null}]
[2014-09-24 17:31:10.115] [INFO] console - db.close!
[2014-09-24 17:31:11.095] [INFO] console - db.connect ok...
[2014-09-24 17:31:11.096] [INFO] console - --------------------------------
[2014-09-24 17:31:11.098] [INFO] console - GET /api/path/folder/
[2014-09-24 17:31:11.099] [INFO] console - url = /宝贝图片/宝贝标题
[2014-09-24 17:31:11.109] [INFO] console - res.send: [{"_id":"54228b2a94b122d01fbda866","url":"/宝贝图片/宝贝标题/photo2.jpg","type":"image/jpg","image":"cdc1aec41122dd392472cf4beeae4e52","policy":null},{"_id":"54228b3594b122d01fbda868","url":"/宝贝图片/宝贝标题/photo3.jpg","type":"image/jpg","image":"83a4df0c410c5f8fb45cd7e9a46a7c10","policy":null},{"_id":"54228b5494b122d01fbda86a","url":"/宝贝图片/宝贝标题/photo4.jpg","type":"image/jpg","image":"3073168cc69c184a1c26c21d7ad7d181","policy":null},{"_id":"54228b2194b122d01fbda864","url":"/宝贝图片/宝贝标题/photo5.jpg","type":"image/jpg","image":"be2536b78726679480be4296a2eb4b7d","policy":null},{"_id":"54228ae694b122d01fbda863","url":"/宝贝图片/宝贝标题/photo5.png","type":"image/jpg","image":"9fb4792fca933c6b09103df20e6d4670","policy":null}]
[2014-09-24 17:31:11.122] [INFO] console - db.close!
[2014-09-24 17:31:11.201] [INFO] console - db.connect ok...
[2014-09-24 17:31:11.202] [INFO] console - --------------------------------
[2014-09-24 17:31:11.202] [INFO] console - GET /api/path/image/
[2014-09-24 17:31:11.204] [INFO] console - url= /宝贝图片/宝贝标题/photo2.jpg
[2014-09-24 17:31:11.292] [INFO] console - db.connect ok...
[2014-09-24 17:31:11.294] [INFO] console - --------------------------------
[2014-09-24 17:31:11.295] [INFO] console - GET /api/path/image/
[2014-09-24 17:31:11.297] [INFO] console - url= /宝贝图片/宝贝标题/photo3.jpg
[2014-09-24 17:31:11.333] [INFO] console - return image md5=cdc1aec41122dd392472cf4beeae4e52
[2014-09-24 17:31:11.336] [INFO] console - db.close!
[2014-09-24 17:31:11.357] [INFO] console - db.connect ok...
[2014-09-24 17:31:11.358] [INFO] console - --------------------------------
[2014-09-24 17:31:11.359] [INFO] console - GET /api/path/image/
[2014-09-24 17:31:11.361] [INFO] console - url= /宝贝图片/宝贝标题/photo4.jpg
[2014-09-24 17:31:11.370] [INFO] console - db.connect ok...
[2014-09-24 17:31:11.371] [INFO] console - --------------------------------
[2014-09-24 17:31:11.372] [INFO] console - GET /api/path/image/
[2014-09-24 17:31:11.374] [INFO] console - url= /宝贝图片/宝贝标题/photo5.png
[2014-09-24 17:31:11.376] [INFO] console - return image md5=83a4df0c410c5f8fb45cd7e9a46a7c10
[2014-09-24 17:31:11.378] [INFO] console - db.close!
[2014-09-24 17:31:11.383] [INFO] console - db.connect ok...
[2014-09-24 17:31:11.384] [INFO] console - --------------------------------
[2014-09-24 17:31:11.386] [INFO] console - GET /api/path/image/
[2014-09-24 17:31:11.387] [INFO] console - url= /宝贝图片/宝贝标题/photo5.jpg
[2014-09-24 17:31:11.413] [INFO] console - return image md5=be2536b78726679480be4296a2eb4b7d
[2014-09-24 17:31:11.414] [INFO] console - db.close!
[2014-09-24 17:31:11.475] [INFO] console - return image md5=3073168cc69c184a1c26c21d7ad7d181
[2014-09-24 17:31:11.476] [INFO] console - db.close!
[2014-09-24 17:31:11.595] [INFO] console - return image md5=9fb4792fca933c6b09103df20e6d4670
[2014-09-24 17:31:11.598] [INFO] console - db.close!
[2014-09-24 17:31:12.798] [INFO] console - db.connect ok...
[2014-09-24 17:31:12.799] [INFO] console - --------------------------------
[2014-09-24 17:31:12.801] [INFO] console - GET /api/path/folder/
[2014-09-24 17:31:12.808] [INFO] console - url = /宝贝图片
[2014-09-24 17:31:12.819] [INFO] console - res.send: [{"_id":"54225eea94b122d01fbda841","url":"/宝贝图片/宝贝标题","type":"folder","image":0,"policy":null},{"_id":"54228e9a94b122d01fbda86b","url":"/宝贝图片/马克华菲宝贝1","type":"folder","image":0,"policy":null}]
[2014-09-24 17:31:12.822] [INFO] console - db.close!
[2014-09-24 17:31:13.303] [INFO] console - db.connect ok...
[2014-09-24 17:31:13.304] [INFO] console - --------------------------------
[2014-09-24 17:31:13.306] [INFO] console - GET /api/path/folder/
[2014-09-24 17:31:13.307] [INFO] console - url = /
[2014-09-24 17:31:13.316] [INFO] console - res.send: [{"_id":"54212b7060a2966205eee44c","url":"/2323","type":"folder","image":0,"policy":null},{"_id":"54222cee3773aa181ee6d3e1","url":"/产品详情","type":"folder","image":0,"policy":null},{"_id":"54225eea94b122d01fbda840","url":"/宝贝图片","type":"folder","image":0,"policy":null},{"_id":"5420e1ec534133bc630dc4d2","url":"/羊毛衫","type":"folder","image":0,"policy":null}]
[2014-09-24 17:31:13.323] [INFO] console - db.close!
[2014-09-24 17:31:13.909] [INFO] console - db.connect ok...
[2014-09-24 17:31:13.911] [INFO] console - --------------------------------
[2014-09-24 17:31:13.912] [INFO] console - GET /api/path/folder/
[2014-09-24 17:31:13.913] [INFO] console - url = /羊毛衫
[2014-09-24 17:31:13.923] [INFO] console - res.send: [{"_id":"5420e5de534133bc630dc4d3","url":"/羊毛衫/2011300658.jpg","type":"image/jpg","image":"d986d38cc86f3cf074e09c83bcccfa97","policy":null},{"_id":"5420e5e4534133bc630dc4d4","url":"/羊毛衫/2013303092.jpg","type":"image/jpg","image":"c7db82198b2665cf9290a5e56614a0fd","policy":null}]
[2014-09-24 17:31:13.925] [INFO] console - db.close!
[2014-09-24 17:31:13.988] [INFO] console - db.connect ok...
[2014-09-24 17:31:13.988] [INFO] console - --------------------------------
[2014-09-24 17:31:13.989] [INFO] console - GET /api/path/image/
[2014-09-24 17:31:13.990] [INFO] console - url= /羊毛衫/2013303092.jpg
[2014-09-24 17:31:13.992] [INFO] console - db.connect ok...
[2014-09-24 17:31:13.992] [INFO] console - --------------------------------
[2014-09-24 17:31:13.993] [INFO] console - GET /api/path/image/
[2014-09-24 17:31:13.994] [INFO] console - url= /羊毛衫/2011300658.jpg
[2014-09-24 17:31:14.026] [INFO] console - return image md5=d986d38cc86f3cf074e09c83bcccfa97
[2014-09-24 17:31:14.029] [INFO] console - db.close!
[2014-09-24 17:31:14.036] [INFO] console - return image md5=c7db82198b2665cf9290a5e56614a0fd
[2014-09-24 17:31:14.039] [INFO] console - db.close!
[2014-09-24 17:31:15.114] [INFO] console - db.connect ok...
[2014-09-24 17:31:15.115] [INFO] console - --------------------------------
[2014-09-24 17:31:15.117] [INFO] console - GET /api/path/folder/
[2014-09-24 17:31:15.119] [INFO] console - url = /
[2014-09-24 17:31:15.131] [INFO] console - res.send: [{"_id":"54212b7060a2966205eee44c","url":"/2323","type":"folder","image":0,"policy":null},{"_id":"54222cee3773aa181ee6d3e1","url":"/产品详情","type":"folder","image":0,"policy":null},{"_id":"54225eea94b122d01fbda840","url":"/宝贝图片","type":"folder","image":0,"policy":null},{"_id":"5420e1ec534133bc630dc4d2","url":"/羊毛衫","type":"folder","image":0,"policy":null}]
[2014-09-24 17:31:15.139] [INFO] console - db.close!
